<?xml version="1.0" encoding="UTF-8"?>
<Site BuildName="(empty)"
	BuildStamp="20250122-0843-Experimental"
	Name="(empty)"
	Generator="ctest-3.16.3"
	CompilerName=""
	CompilerVersion=""
	OSName="Linux"
	Hostname="yjkim2"
	OSRelease="5.4.0-204-generic"
	OSVersion="#224-Ubuntu SMP Thu Dec 5 13:38:28 UTC 2024"
	OSPlatform="x86_64"
	Is64Bits="1"
	VendorString="GenuineIntel"
	VendorID="Intel Corporation"
	FamilyID="6"
	ModelID="62"
	ProcessorCacheSize="20480"
	NumberOfLogicalCPU="16"
	NumberOfPhysicalCPU="16"
	TotalVirtualMemory="0"
	TotalPhysicalMemory="64369"
	LogicalProcessorsPerPhysical="1"
	ProcessorClockFrequency="2633.53"
	>
	<Testing>
		<StartDateTime>Jan 22 17:43 KST</StartDateTime>
		<StartTestTime>1737535409</StartTestTime>
		<TestList/>
		<EndDateTime>Jan 22 17:43 KST</EndDateTime>
		<EndTestTime>1737535409</EndTestTime>
		<ElapsedMinutes>0</ElapsedMinutes>
	</Testing>
</Site>
