<?xml version="1.0" encoding="UTF-8"?>
<Site BuildName="(empty)"
	BuildStamp="20250221-0333-Experimental"
	Name="(empty)"
	Generator="ctest-3.16.3"
	CompilerName=""
	CompilerVersion=""
	OSName="Linux"
	Hostname="yjkim2"
	OSRelease="5.4.0-205-generic"
	OSVersion="#225-Ubuntu SMP Fri Jan 10 22:23:35 UTC 2025"
	OSPlatform="x86_64"
	Is64Bits="1"
	VendorString="GenuineIntel"
	VendorID="Intel Corporation"
	FamilyID="6"
	ModelID="62"
	ProcessorCacheSize="20480"
	NumberOfLogicalCPU="16"
	NumberOfPhysicalCPU="16"
	TotalVirtualMemory="0"
	TotalPhysicalMemory="64369"
	LogicalProcessorsPerPhysical="1"
	ProcessorClockFrequency="3030.33"
	>
	<Testing>
		<StartDateTime>Feb 21 12:57 KST</StartDateTime>
		<StartTestTime>1740110227</StartTestTime>
		<TestList/>
		<EndDateTime>Feb 21 12:57 KST</EndDateTime>
		<EndTestTime>1740110227</EndTestTime>
		<ElapsedMinutes>0</ElapsedMinutes>
	</Testing>
</Site>
